[1.043s] Invoking command in '/users/ugrad/shivamhs/Shah_Shivam_ws/src/autoturtle': PYTHONPATH=/users/ugrad/shivamhs/Shah_Shivam_ws/build/autoturtle/prefix_override:/users/ugrad/shivamhs/Shah_Shivam_ws/install/autoturtle/lib/python3.6/site-packages:${PYTHONPATH} SHLVL=3 _=/usr/bin/env /usr/bin/python3.6 -W ignore:setup.py install is deprecated setup.py egg_info --egg-base ../../build/autoturtle build --build-base /users/ugrad/shivamhs/Shah_Shivam_ws/build/autoturtle/build install --record /users/ugrad/shivamhs/Shah_Shivam_ws/build/autoturtle/install.log --single-version-externally-managed install_data
[1.368s] running egg_info
[1.368s] writing ../../build/autoturtle/autoturtle.egg-info/PKG-INFO
[1.368s] writing dependency_links to ../../build/autoturtle/autoturtle.egg-info/dependency_links.txt
[1.368s] writing entry points to ../../build/autoturtle/autoturtle.egg-info/entry_points.txt
[1.372s] writing requirements to ../../build/autoturtle/autoturtle.egg-info/requires.txt
[1.373s] writing top-level names to ../../build/autoturtle/autoturtle.egg-info/top_level.txt
[1.404s] reading manifest file '../../build/autoturtle/autoturtle.egg-info/SOURCES.txt'
[1.405s] writing manifest file '../../build/autoturtle/autoturtle.egg-info/SOURCES.txt'
[1.405s] running build
[1.405s] running build_py
[1.405s] running install
[1.405s] running install_lib
[1.408s] running install_data
[1.409s] running install_egg_info
[1.412s] removing '/users/ugrad/shivamhs/Shah_Shivam_ws/install/autoturtle/lib/python3.6/site-packages/autoturtle-0.0.0-py3.6.egg-info' (and everything under it)
[1.427s] Copying ../../build/autoturtle/autoturtle.egg-info to /users/ugrad/shivamhs/Shah_Shivam_ws/install/autoturtle/lib/python3.6/site-packages/autoturtle-0.0.0-py3.6.egg-info
[1.491s] running install_scripts
[1.491s] Installing my_teleop_node script to /users/ugrad/shivamhs/Shah_Shivam_ws/install/autoturtle/lib/autoturtle
[1.495s] writing list of installed files to '/users/ugrad/shivamhs/Shah_Shivam_ws/build/autoturtle/install.log'
[1.520s] Invoked command in '/users/ugrad/shivamhs/Shah_Shivam_ws/src/autoturtle' returned '0': PYTHONPATH=/users/ugrad/shivamhs/Shah_Shivam_ws/build/autoturtle/prefix_override:/users/ugrad/shivamhs/Shah_Shivam_ws/install/autoturtle/lib/python3.6/site-packages:${PYTHONPATH} SHLVL=3 _=/usr/bin/env /usr/bin/python3.6 -W ignore:setup.py install is deprecated setup.py egg_info --egg-base ../../build/autoturtle build --build-base /users/ugrad/shivamhs/Shah_Shivam_ws/build/autoturtle/build install --record /users/ugrad/shivamhs/Shah_Shivam_ws/build/autoturtle/install.log --single-version-externally-managed install_data
