running egg_info
writing ../../build/autoturtle/autoturtle.egg-info/PKG-INFO
writing dependency_links to ../../build/autoturtle/autoturtle.egg-info/dependency_links.txt
writing entry points to ../../build/autoturtle/autoturtle.egg-info/entry_points.txt
writing requirements to ../../build/autoturtle/autoturtle.egg-info/requires.txt
writing top-level names to ../../build/autoturtle/autoturtle.egg-info/top_level.txt
reading manifest file '../../build/autoturtle/autoturtle.egg-info/SOURCES.txt'
writing manifest file '../../build/autoturtle/autoturtle.egg-info/SOURCES.txt'
running build
running build_py
copying autoturtle/my_teleop_node.py -> /users/ugrad/shivamhs/Shah_Shivam_ws/build/autoturtle/build/lib/autoturtle
running install
running install_lib
copying /users/ugrad/shivamhs/Shah_Shivam_ws/build/autoturtle/build/lib/autoturtle/my_teleop_node.py -> /users/ugrad/shivamhs/Shah_Shivam_ws/install/autoturtle/lib/python3.6/site-packages/autoturtle
byte-compiling /users/ugrad/shivamhs/Shah_Shivam_ws/install/autoturtle/lib/python3.6/site-packages/autoturtle/my_teleop_node.py to my_teleop_node.cpython-36.pyc
running install_data
running install_egg_info
removing '/users/ugrad/shivamhs/Shah_Shivam_ws/install/autoturtle/lib/python3.6/site-packages/autoturtle-0.0.0-py3.6.egg-info' (and everything under it)
Copying ../../build/autoturtle/autoturtle.egg-info to /users/ugrad/shivamhs/Shah_Shivam_ws/install/autoturtle/lib/python3.6/site-packages/autoturtle-0.0.0-py3.6.egg-info
running install_scripts
Installing my_teleop_node script to /users/ugrad/shivamhs/Shah_Shivam_ws/install/autoturtle/lib/autoturtle
writing list of installed files to '/users/ugrad/shivamhs/Shah_Shivam_ws/build/autoturtle/install.log'
