[1.046s] Invoking command in '/users/ugrad/shivamhs/Shah_Shivam_ws/src/autoturtle': PYTHONPATH=/users/ugrad/shivamhs/Shah_Shivam_ws/build/autoturtle/prefix_override:/users/ugrad/shivamhs/Shah_Shivam_ws/install/autoturtle/lib/python3.6/site-packages:${PYTHONPATH} SHLVL=3 _=/usr/bin/env /usr/bin/python3.6 -W ignore:setup.py install is deprecated setup.py egg_info --egg-base ../../build/autoturtle build --build-base /users/ugrad/shivamhs/Shah_Shivam_ws/build/autoturtle/build install --record /users/ugrad/shivamhs/Shah_Shivam_ws/build/autoturtle/install.log --single-version-externally-managed install_data
[1.366s] running egg_info
[1.366s] writing ../../build/autoturtle/autoturtle.egg-info/PKG-INFO
[1.373s] writing dependency_links to ../../build/autoturtle/autoturtle.egg-info/dependency_links.txt
[1.381s] writing entry points to ../../build/autoturtle/autoturtle.egg-info/entry_points.txt
[1.381s] writing requirements to ../../build/autoturtle/autoturtle.egg-info/requires.txt
[1.384s] writing top-level names to ../../build/autoturtle/autoturtle.egg-info/top_level.txt
[1.409s] reading manifest file '../../build/autoturtle/autoturtle.egg-info/SOURCES.txt'
[1.409s] writing manifest file '../../build/autoturtle/autoturtle.egg-info/SOURCES.txt'
[1.417s] running build
[1.417s] running build_py
[1.417s] copying autoturtle/my_teleop_node.py -> /users/ugrad/shivamhs/Shah_Shivam_ws/build/autoturtle/build/lib/autoturtle
[1.425s] running install
[1.425s] running install_lib
[1.426s] copying /users/ugrad/shivamhs/Shah_Shivam_ws/build/autoturtle/build/lib/autoturtle/my_teleop_node.py -> /users/ugrad/shivamhs/Shah_Shivam_ws/install/autoturtle/lib/python3.6/site-packages/autoturtle
[1.442s] byte-compiling /users/ugrad/shivamhs/Shah_Shivam_ws/install/autoturtle/lib/python3.6/site-packages/autoturtle/my_teleop_node.py to my_teleop_node.cpython-36.pyc
[1.445s] running install_data
[1.445s] running install_egg_info
[1.449s] removing '/users/ugrad/shivamhs/Shah_Shivam_ws/install/autoturtle/lib/python3.6/site-packages/autoturtle-0.0.0-py3.6.egg-info' (and everything under it)
[1.464s] Copying ../../build/autoturtle/autoturtle.egg-info to /users/ugrad/shivamhs/Shah_Shivam_ws/install/autoturtle/lib/python3.6/site-packages/autoturtle-0.0.0-py3.6.egg-info
[1.518s] running install_scripts
[1.549s] Installing my_teleop_node script to /users/ugrad/shivamhs/Shah_Shivam_ws/install/autoturtle/lib/autoturtle
[1.549s] writing list of installed files to '/users/ugrad/shivamhs/Shah_Shivam_ws/build/autoturtle/install.log'
[1.581s] Invoked command in '/users/ugrad/shivamhs/Shah_Shivam_ws/src/autoturtle' returned '0': PYTHONPATH=/users/ugrad/shivamhs/Shah_Shivam_ws/build/autoturtle/prefix_override:/users/ugrad/shivamhs/Shah_Shivam_ws/install/autoturtle/lib/python3.6/site-packages:${PYTHONPATH} SHLVL=3 _=/usr/bin/env /usr/bin/python3.6 -W ignore:setup.py install is deprecated setup.py egg_info --egg-base ../../build/autoturtle build --build-base /users/ugrad/shivamhs/Shah_Shivam_ws/build/autoturtle/build install --record /users/ugrad/shivamhs/Shah_Shivam_ws/build/autoturtle/install.log --single-version-externally-managed install_data
