running egg_info
creating ../../build/autoturtle/autoturtle.egg-info
writing ../../build/autoturtle/autoturtle.egg-info/PKG-INFO
writing dependency_links to ../../build/autoturtle/autoturtle.egg-info/dependency_links.txt
writing entry points to ../../build/autoturtle/autoturtle.egg-info/entry_points.txt
writing requirements to ../../build/autoturtle/autoturtle.egg-info/requires.txt
writing top-level names to ../../build/autoturtle/autoturtle.egg-info/top_level.txt
writing manifest file '../../build/autoturtle/autoturtle.egg-info/SOURCES.txt'
reading manifest file '../../build/autoturtle/autoturtle.egg-info/SOURCES.txt'
writing manifest file '../../build/autoturtle/autoturtle.egg-info/SOURCES.txt'
running build
running build_py
creating /users/ugrad/shivamhs/Shah_Shivam_ws/build/autoturtle/build
creating /users/ugrad/shivamhs/Shah_Shivam_ws/build/autoturtle/build/lib
creating /users/ugrad/shivamhs/Shah_Shivam_ws/build/autoturtle/build/lib/autoturtle
copying autoturtle/__init__.py -> /users/ugrad/shivamhs/Shah_Shivam_ws/build/autoturtle/build/lib/autoturtle
copying autoturtle/my_teleop_node.py -> /users/ugrad/shivamhs/Shah_Shivam_ws/build/autoturtle/build/lib/autoturtle
running install
running install_lib
creating /users/ugrad/shivamhs/Shah_Shivam_ws/install/autoturtle/lib/python3.6/site-packages/autoturtle
copying /users/ugrad/shivamhs/Shah_Shivam_ws/build/autoturtle/build/lib/autoturtle/__init__.py -> /users/ugrad/shivamhs/Shah_Shivam_ws/install/autoturtle/lib/python3.6/site-packages/autoturtle
copying /users/ugrad/shivamhs/Shah_Shivam_ws/build/autoturtle/build/lib/autoturtle/my_teleop_node.py -> /users/ugrad/shivamhs/Shah_Shivam_ws/install/autoturtle/lib/python3.6/site-packages/autoturtle
byte-compiling /users/ugrad/shivamhs/Shah_Shivam_ws/install/autoturtle/lib/python3.6/site-packages/autoturtle/__init__.py to __init__.cpython-36.pyc
byte-compiling /users/ugrad/shivamhs/Shah_Shivam_ws/install/autoturtle/lib/python3.6/site-packages/autoturtle/my_teleop_node.py to my_teleop_node.cpython-36.pyc
running install_data
creating /users/ugrad/shivamhs/Shah_Shivam_ws/install/autoturtle/share/ament_index
creating /users/ugrad/shivamhs/Shah_Shivam_ws/install/autoturtle/share/ament_index/resource_index
creating /users/ugrad/shivamhs/Shah_Shivam_ws/install/autoturtle/share/ament_index/resource_index/packages
copying resource/autoturtle -> /users/ugrad/shivamhs/Shah_Shivam_ws/install/autoturtle/share/ament_index/resource_index/packages
copying package.xml -> /users/ugrad/shivamhs/Shah_Shivam_ws/install/autoturtle/share/autoturtle
running install_egg_info
Copying ../../build/autoturtle/autoturtle.egg-info to /users/ugrad/shivamhs/Shah_Shivam_ws/install/autoturtle/lib/python3.6/site-packages/autoturtle-0.0.0-py3.6.egg-info
running install_scripts
Installing my_teleop_node script to /users/ugrad/shivamhs/Shah_Shivam_ws/install/autoturtle/lib/autoturtle
writing list of installed files to '/users/ugrad/shivamhs/Shah_Shivam_ws/build/autoturtle/install.log'
